GowinSynthesis start
Running parser ...
Analyzing Verilog file '/home/mii/work/MDIO/src/Top.v'
WARN  (EX2810) : Extra semicolon in $unit (global) scope("/home/mii/work/MDIO/src/Top.v":243)
Analyzing Verilog file '/home/mii/work/MDIO/src/uart.v'
WARN  (EX3073) : Port 'LED' remains unconnected for this instance("/home/mii/work/MDIO/src/Top.v":46)
Compiling module 'Top'("/home/mii/work/MDIO/src/Top.v":1)
WARN  (EX3780) : Using initial value of 'read_preamble' since it is never assigned("/home/mii/work/MDIO/src/Top.v":79)
WARN  (EX3780) : Using initial value of 'write_preamble' since it is never assigned("/home/mii/work/MDIO/src/Top.v":80)
WARN  (EX3780) : Using initial value of 'reg_phy_address' since it is never assigned("/home/mii/work/MDIO/src/Top.v":82)
WARN  (EX3780) : Using initial value of 'reg_register_address' since it is never assigned("/home/mii/work/MDIO/src/Top.v":83)
WARN  (EX3780) : Using initial value of 'write' since it is never assigned("/home/mii/work/MDIO/src/Top.v":86)
WARN  (EX3791) : Expression size 5 truncated to fit in target size 4("/home/mii/work/MDIO/src/Top.v":29)
Compiling module 'UART'("/home/mii/work/MDIO/src/uart.v":1)
WARN  (EX3791) : Expression size 5 truncated to fit in target size 4("/home/mii/work/MDIO/src/uart.v":98)
WARN  (EX3791) : Expression size 6 truncated to fit in target size 5("/home/mii/work/MDIO/src/Top.v":57)
NOTE  (EX0101) : Current top module is "Top"
[5%] Running netlist conversion ...
Running device independent optimization ...
[10%] Optimizing Phase 0 completed
[15%] Optimizing Phase 1 completed
[25%] Optimizing Phase 2 completed
Running inference ...
[30%] Inferring Phase 0 completed
[40%] Inferring Phase 1 completed
[50%] Inferring Phase 2 completed
[55%] Inferring Phase 3 completed
Running technical mapping ...
[60%] Tech-Mapping Phase 0 completed
[65%] Tech-Mapping Phase 1 completed
[75%] Tech-Mapping Phase 2 completed
[80%] Tech-Mapping Phase 3 completed
[90%] Tech-Mapping Phase 4 completed
[95%] Generate netlist file "/home/mii/work/MDIO/impl/gwsynthesis/MDIO.vg" completed
[100%] Generate report file "/home/mii/work/MDIO/impl/gwsynthesis/MDIO_syn.rpt.html" completed
GowinSynthesis finish
