#! /usr/bin/vvp
:ivl_version "12.0 (stable)" "(v12_0-dirty)";
:ivl_delay_selection "TYPICAL";
:vpi_time_precision + 0;
:vpi_module "/usr/lib/ivl/system.vpi";
:vpi_module "/usr/lib/ivl/vhdl_sys.vpi";
:vpi_module "/usr/lib/ivl/vhdl_textio.vpi";
:vpi_module "/usr/lib/ivl/v2005_math.vpi";
:vpi_module "/usr/lib/ivl/va_math.vpi";
S_0x55cb54551680 .scope module, "tb" "tb" 2 1;
 .timescale 0 0;
P_0x55cb54551810 .param/l "RATE" 0 2 3, +C4<00000000000000000000000000000001>;
v0x55cb5459e020_0 .var "clk", 0 0;
S_0x55cb545518b0 .scope module, "top" "Top" 2 15, 3 1 0, S_0x55cb54551680;
 .timescale 0 0;
    .port_info 0 /INPUT 1 "CLK";
    .port_info 1 /OUTPUT 1 "MDC";
    .port_info 2 /INOUT 1 "MDIO";
    .port_info 3 /OUTPUT 4 "LED";
    .port_info 4 /OUTPUT 1 "UART_TX";
P_0x55cb54550220 .param/l "S_IDLE" 1 3 32, +C4<00000000000000000000000000000000>;
P_0x55cb54550260 .param/l "S_PHY" 1 3 38, +C4<00000000000000000000000000000110>;
P_0x55cb545502a0 .param/l "S_PREAMBLE" 1 3 33, +C4<00000000000000000000000000000001>;
P_0x55cb545502e0 .param/l "S_READ" 1 3 34, +C4<00000000000000000000000000000010>;
P_0x55cb54550320 .param/l "S_READ_PREAMBLE" 1 3 36, +C4<00000000000000000000000000000100>;
P_0x55cb54550360 .param/l "S_REG" 1 3 39, +C4<00000000000000000000000000000111>;
P_0x55cb545503a0 .param/l "S_TURN" 1 3 40, +C4<00000000000000000000000000001000>;
P_0x55cb545503e0 .param/l "S_WRITE" 1 3 35, +C4<00000000000000000000000000000011>;
P_0x55cb54550420 .param/l "S_WRITE_PREAMBLE" 1 3 37, +C4<00000000000000000000000000000101>;
L_0x55cb5457c150 .functor BUFZ 1, L_0x55cb545ae8c0, C4<0>, C4<0>, C4<0>;
L_0x55cb5453ef50 .functor NOT 4, L_0x55cb545aea50, C4<0000>, C4<0000>, C4<0000>;
v0x55cb5459c9d0_0 .net "CLK", 0 0, v0x55cb5459e020_0;  1 drivers
v0x55cb5459ca90_0 .net "LED", 3 0, L_0x55cb5453ef50;  1 drivers
v0x55cb5459cb50_0 .net "MDC", 0 0, L_0x55cb5457c150;  1 drivers
v0x55cb5459cbf0_0 .net "MDIO", 0 0, L_0x55cb545ae620;  1 drivers
v0x55cb5459ccb0_0 .net "UART_TX", 0 0, L_0x55cb5454d650;  1 drivers
o0x7f8732ec8558 .functor BUFZ 1, C4<z>; HiZ drive
; Elide local net with no drivers, v0x55cb5459cd50_0 name=_ivl_0
v0x55cb5459ce10_0 .net *"_ivl_15", 3 0, L_0x55cb545aea50;  1 drivers
v0x55cb5459cef0_0 .net *"_ivl_4", 31 0, L_0x55cb545ae6f0;  1 drivers
L_0x7f8732e7f0f0 .functor BUFT 1, C4<000000000000000000000000000>, C4<0>, C4<0>, C4<0>;
v0x55cb5459cfd0_0 .net *"_ivl_7", 26 0, L_0x7f8732e7f0f0;  1 drivers
L_0x7f8732e7f138 .functor BUFT 1, C4<00000000000000000000000000011011>, C4<0>, C4<0>, C4<0>;
v0x55cb5459d0b0_0 .net/2u *"_ivl_8", 31 0, L_0x7f8732e7f138;  1 drivers
v0x55cb5459d190_0 .var "cnt", 31 0;
v0x55cb5459d270_0 .var "led_read", 15 0;
v0x55cb5459d350_0 .var "mdc_cnt", 4 0;
v0x55cb5459d430_0 .net "mdclock", 0 0, L_0x55cb545ae8c0;  1 drivers
v0x55cb5459d4f0_0 .var "mdio_out_en", 0 0;
v0x55cb5459d5b0_0 .var "mdio_write", 0 0;
v0x55cb5459d670_0 .var "read", 15 0;
v0x55cb5459d750_0 .var "read_flag", 0 0;
v0x55cb5459d810_0 .var "read_preamble", 3 0;
v0x55cb5459d8f0_0 .var "reg_phy_address", 4 0;
v0x55cb5459d9d0_0 .var "reg_register_address", 4 0;
v0x55cb5459dab0_0 .var "state", 3 0;
v0x55cb5459db90_0 .net "uart_busy", 0 0, L_0x55cb545ae490;  1 drivers
v0x55cb5459dc30_0 .var "uart_data", 7 0;
v0x55cb5459dd00_0 .var "uart_start", 0 0;
v0x55cb5459ddd0_0 .var "write", 15 0;
v0x55cb5459de70_0 .var "write_preamble", 3 0;
E_0x55cb54560360 .event posedge, v0x55cb5459d430_0;
L_0x55cb545ae620 .functor MUXZ 1, o0x7f8732ec8558, v0x55cb5459d5b0_0, v0x55cb5459d4f0_0, C4<>;
L_0x55cb545ae6f0 .concat [ 5 27 0 0], v0x55cb5459d350_0, L_0x7f8732e7f0f0;
L_0x55cb545ae8c0 .cmp/eq 32, L_0x55cb545ae6f0, L_0x7f8732e7f138;
L_0x55cb545aea50 .part v0x55cb5459d270_0, 0, 4;
S_0x55cb5455eb50 .scope module, "uart" "UART" 3 13, 4 1 0, S_0x55cb545518b0;
 .timescale 0 0;
    .port_info 0 /INPUT 1 "clock";
    .port_info 1 /INPUT 8 "data_in";
    .port_info 2 /INPUT 1 "start";
    .port_info 3 /OUTPUT 1 "tx_busy";
    .port_info 4 /OUTPUT 1 "tx";
    .port_info 5 /OUTPUT 1 "LED";
P_0x55cb5455ed30 .param/l "FPGA_FREQ" 1 4 13, +C4<00000000000000000000000000011011>;
P_0x55cb5455ed70 .param/l "S_END" 1 4 43, +C4<00000000000000000000000000000100>;
P_0x55cb5455edb0 .param/l "S_IDLE" 1 4 39, +C4<00000000000000000000000000000000>;
P_0x55cb5455edf0 .param/l "S_P" 1 4 42, +C4<00000000000000000000000000000011>;
P_0x55cb5455ee30 .param/l "S_SEND" 1 4 41, +C4<00000000000000000000000000000010>;
P_0x55cb5455ee70 .param/l "S_START" 1 4 40, +C4<00000000000000000000000000000001>;
P_0x55cb5455eeb0 .param/l "TX_CLOCK_COUNT_MAX" 1 4 15, +C4<00000000000000000000000000000000000000000000000000000000011101001>;
P_0x55cb5455eef0 .param/l "UART_FREQ" 1 4 14, +C4<00000000000000011100001000000000>;
L_0x55cb5454d1c0 .functor BUFZ 1, v0x55cb5459c130_0, C4<0>, C4<0>, C4<0>;
L_0x55cb5454d650 .functor BUFZ 1, v0x55cb5459c850_0, C4<0>, C4<0>, C4<0>;
v0x55cb5454d320_0 .net "LED", 0 0, L_0x55cb5454d1c0;  1 drivers
L_0x7f8732e7f060 .functor BUFT 1, C4<000000000000000000000000000>, C4<0>, C4<0>, C4<0>;
v0x55cb5454d7f0_0 .net *"_ivl_11", 26 0, L_0x7f8732e7f060;  1 drivers
L_0x7f8732e7f0a8 .functor BUFT 1, C4<00000000000000000000000000000000>, C4<0>, C4<0>, C4<0>;
v0x55cb5457ca90_0 .net/2u *"_ivl_12", 31 0, L_0x7f8732e7f0a8;  1 drivers
L_0x7f8732e7f018 .functor BUFT 1, C4<00000000000000000000000000000000>, C4<0>, C4<0>, C4<0>;
v0x55cb545468c0_0 .net/2u *"_ivl_2", 31 0, L_0x7f8732e7f018;  1 drivers
v0x55cb54546cf0_0 .net *"_ivl_8", 31 0, L_0x55cb545ae310;  1 drivers
v0x55cb5454a3c0_0 .net "clock", 0 0, v0x55cb5459e020_0;  alias, 1 drivers
v0x55cb5459be90_0 .var "clock_count", 31 0;
v0x55cb5459bf70_0 .var "data", 7 0;
v0x55cb5459c050_0 .net "data_in", 7 0, v0x55cb5459dc30_0;  1 drivers
v0x55cb5459c130_0 .var "led_flag", 0 0;
v0x55cb5459c1f0_0 .var "local_in", 7 0;
v0x55cb5459c2d0_0 .var "local_start", 0 0;
v0x55cb5459c390_0 .var "send_count", 3 0;
v0x55cb5459c470_0 .net "start", 0 0, v0x55cb5459dd00_0;  1 drivers
v0x55cb5459c530_0 .var "state", 4 0;
v0x55cb5459c610_0 .net "tx", 0 0, L_0x55cb5454d650;  alias, 1 drivers
v0x55cb5459c6d0_0 .net "tx_busy", 0 0, L_0x55cb545ae490;  alias, 1 drivers
v0x55cb5459c790_0 .net "tx_clock", 0 0, L_0x55cb545ae170;  1 drivers
v0x55cb5459c850_0 .var "tx_reg", 0 0;
E_0x55cb54564e70 .event posedge, v0x55cb5454a3c0_0;
L_0x55cb545ae170 .cmp/eq 32, v0x55cb5459be90_0, L_0x7f8732e7f018;
L_0x55cb545ae310 .concat [ 5 27 0 0], v0x55cb5459c530_0, L_0x7f8732e7f060;
L_0x55cb545ae490 .cmp/ne 32, L_0x55cb545ae310, L_0x7f8732e7f0a8;
    .scope S_0x55cb5455eb50;
T_0 ;
    %pushi/vec4 0, 0, 32;
    %store/vec4 v0x55cb5459be90_0, 0, 32;
    %end;
    .thread T_0;
    .scope S_0x55cb5455eb50;
T_1 ;
    %wait E_0x55cb54564e70;
    %load/vec4 v0x55cb5459be90_0;
    %pad/u 65;
    %cmpi/e 233, 0, 65;
    %jmp/0xz  T_1.0, 4;
    %pushi/vec4 0, 0, 32;
    %assign/vec4 v0x55cb5459be90_0, 0;
    %load/vec4 v0x55cb5459c130_0;
    %inv;
    %assign/vec4 v0x55cb5459c130_0, 0;
    %jmp T_1.1;
T_1.0 ;
    %load/vec4 v0x55cb5459be90_0;
    %addi 1, 0, 32;
    %assign/vec4 v0x55cb5459be90_0, 0;
T_1.1 ;
    %jmp T_1;
    .thread T_1;
    .scope S_0x55cb5455eb50;
T_2 ;
    %wait E_0x55cb54564e70;
    %load/vec4 v0x55cb5459c050_0;
    %assign/vec4 v0x55cb5459c1f0_0, 0;
    %load/vec4 v0x55cb5459c470_0;
    %assign/vec4 v0x55cb5459c2d0_0, 0;
    %jmp T_2;
    .thread T_2;
    .scope S_0x55cb5455eb50;
T_3 ;
    %pushi/vec4 0, 0, 5;
    %store/vec4 v0x55cb5459c530_0, 0, 5;
    %pushi/vec4 0, 0, 4;
    %store/vec4 v0x55cb5459c390_0, 0, 4;
    %pushi/vec4 1, 0, 1;
    %store/vec4 v0x55cb5459c850_0, 0, 1;
    %end;
    .thread T_3;
    .scope S_0x55cb5455eb50;
T_4 ;
    %wait E_0x55cb54564e70;
    %load/vec4 v0x55cb5459c530_0;
    %dup/vec4;
    %pushi/vec4 0, 0, 5;
    %cmp/u;
    %jmp/1 T_4.0, 6;
    %dup/vec4;
    %pushi/vec4 1, 0, 5;
    %cmp/u;
    %jmp/1 T_4.1, 6;
    %dup/vec4;
    %pushi/vec4 2, 0, 5;
    %cmp/u;
    %jmp/1 T_4.2, 6;
    %dup/vec4;
    %pushi/vec4 3, 0, 5;
    %cmp/u;
    %jmp/1 T_4.3, 6;
    %dup/vec4;
    %pushi/vec4 4, 0, 5;
    %cmp/u;
    %jmp/1 T_4.4, 6;
    %jmp T_4.5;
T_4.0 ;
    %load/vec4 v0x55cb5459c790_0;
    %flag_set/vec4 8;
    %jmp/0xz  T_4.6, 8;
    %load/vec4 v0x55cb5459c2d0_0;
    %flag_set/vec4 8;
    %jmp/0xz  T_4.8, 8;
    %pushi/vec4 1, 0, 1;
    %assign/vec4 v0x55cb5459c850_0, 0;
    %pushi/vec4 1, 0, 5;
    %assign/vec4 v0x55cb5459c530_0, 0;
    %jmp T_4.9;
T_4.8 ;
    %pushi/vec4 1, 0, 1;
    %assign/vec4 v0x55cb5459c850_0, 0;
    %pushi/vec4 0, 0, 5;
    %assign/vec4 v0x55cb5459c530_0, 0;
T_4.9 ;
T_4.6 ;
    %jmp T_4.5;
T_4.1 ;
    %load/vec4 v0x55cb5459c790_0;
    %flag_set/vec4 8;
    %jmp/0xz  T_4.10, 8;
    %pushi/vec4 0, 0, 1;
    %assign/vec4 v0x55cb5459c850_0, 0;
    %load/vec4 v0x55cb5459c1f0_0;
    %assign/vec4 v0x55cb5459bf70_0, 0;
    %pushi/vec4 0, 0, 4;
    %assign/vec4 v0x55cb5459c390_0, 0;
    %pushi/vec4 2, 0, 5;
    %assign/vec4 v0x55cb5459c530_0, 0;
    %jmp T_4.11;
T_4.10 ;
    %pushi/vec4 0, 0, 1;
    %assign/vec4 v0x55cb5459c850_0, 0;
    %pushi/vec4 1, 0, 5;
    %assign/vec4 v0x55cb5459c530_0, 0;
T_4.11 ;
    %jmp T_4.5;
T_4.2 ;
    %load/vec4 v0x55cb5459c790_0;
    %flag_set/vec4 8;
    %jmp/0xz  T_4.12, 8;
    %load/vec4 v0x55cb5459bf70_0;
    %load/vec4 v0x55cb5459c390_0;
    %part/u 1;
    %assign/vec4 v0x55cb5459c850_0, 0;
    %load/vec4 v0x55cb5459c390_0;
    %cmpi/e 7, 0, 4;
    %jmp/0xz  T_4.14, 4;
    %pushi/vec4 3, 0, 5;
    %assign/vec4 v0x55cb5459c530_0, 0;
    %jmp T_4.15;
T_4.14 ;
    %load/vec4 v0x55cb5459c390_0;
    %addi 1, 0, 4;
    %assign/vec4 v0x55cb5459c390_0, 0;
    %pushi/vec4 2, 0, 5;
    %assign/vec4 v0x55cb5459c530_0, 0;
T_4.15 ;
    %jmp T_4.13;
T_4.12 ;
    %load/vec4 v0x55cb5459bf70_0;
    %load/vec4 v0x55cb5459c390_0;
    %part/u 1;
    %assign/vec4 v0x55cb5459c850_0, 0;
    %pushi/vec4 2, 0, 5;
    %assign/vec4 v0x55cb5459c530_0, 0;
T_4.13 ;
    %jmp T_4.5;
T_4.3 ;
    %load/vec4 v0x55cb5459c790_0;
    %flag_set/vec4 8;
    %jmp/0xz  T_4.16, 8;
    %pushi/vec4 1, 0, 1;
    %assign/vec4 v0x55cb5459c850_0, 0;
    %pushi/vec4 4, 0, 5;
    %assign/vec4 v0x55cb5459c530_0, 0;
    %jmp T_4.17;
T_4.16 ;
    %pushi/vec4 1, 0, 1;
    %assign/vec4 v0x55cb5459c850_0, 0;
    %pushi/vec4 3, 0, 5;
    %assign/vec4 v0x55cb5459c530_0, 0;
T_4.17 ;
    %jmp T_4.5;
T_4.4 ;
    %load/vec4 v0x55cb5459c790_0;
    %flag_set/vec4 8;
    %jmp/0xz  T_4.18, 8;
    %pushi/vec4 1, 0, 1;
    %assign/vec4 v0x55cb5459c850_0, 0;
    %pushi/vec4 0, 0, 5;
    %assign/vec4 v0x55cb5459c530_0, 0;
    %jmp T_4.19;
T_4.18 ;
    %pushi/vec4 1, 0, 1;
    %assign/vec4 v0x55cb5459c850_0, 0;
    %pushi/vec4 4, 0, 5;
    %assign/vec4 v0x55cb5459c530_0, 0;
T_4.19 ;
    %jmp T_4.5;
T_4.5 ;
    %pop/vec4 1;
    %jmp T_4;
    .thread T_4;
    .scope S_0x55cb545518b0;
T_5 ;
    %pushi/vec4 0, 0, 5;
    %store/vec4 v0x55cb5459d350_0, 0, 5;
    %pushi/vec4 0, 0, 4;
    %store/vec4 v0x55cb5459dab0_0, 0, 4;
    %pushi/vec4 0, 0, 32;
    %store/vec4 v0x55cb5459d190_0, 0, 32;
    %pushi/vec4 0, 0, 1;
    %store/vec4 v0x55cb5459d750_0, 0, 1;
    %pushi/vec4 0, 0, 1;
    %store/vec4 v0x55cb5459d5b0_0, 0, 1;
    %pushi/vec4 0, 0, 1;
    %store/vec4 v0x55cb5459d4f0_0, 0, 1;
    %pushi/vec4 6, 0, 4;
    %store/vec4 v0x55cb5459d810_0, 0, 4;
    %pushi/vec4 5, 0, 4;
    %store/vec4 v0x55cb5459de70_0, 0, 4;
    %pushi/vec4 3, 0, 5;
    %store/vec4 v0x55cb5459d8f0_0, 0, 5;
    %pushi/vec4 5, 0, 5;
    %store/vec4 v0x55cb5459d9d0_0, 0, 5;
    %pushi/vec4 0, 0, 16;
    %store/vec4 v0x55cb5459d670_0, 0, 16;
    %pushi/vec4 4090, 0, 16;
    %store/vec4 v0x55cb5459ddd0_0, 0, 16;
    %pushi/vec4 0, 0, 16;
    %store/vec4 v0x55cb5459d270_0, 0, 16;
    %end;
    .thread T_5;
    .scope S_0x55cb545518b0;
T_6 ;
    %wait E_0x55cb54564e70;
    %pushi/vec4 129, 0, 8;
    %assign/vec4 v0x55cb5459dc30_0, 0;
    %pushi/vec4 1, 0, 1;
    %assign/vec4 v0x55cb5459dd00_0, 0;
    %jmp T_6;
    .thread T_6;
    .scope S_0x55cb545518b0;
T_7 ;
    %wait E_0x55cb54564e70;
    %load/vec4 v0x55cb5459d430_0;
    %flag_set/vec4 8;
    %jmp/0 T_7.0, 8;
    %pushi/vec4 0, 0, 5;
    %jmp/1 T_7.1, 8;
T_7.0 ; End of true expr.
    %load/vec4 v0x55cb5459d350_0;
    %addi 1, 0, 5;
    %jmp/0 T_7.1, 8;
 ; End of false expr.
    %blend;
T_7.1;
    %assign/vec4 v0x55cb5459d350_0, 0;
    %jmp T_7;
    .thread T_7;
    .scope S_0x55cb545518b0;
T_8 ;
    %wait E_0x55cb54560360;
    %load/vec4 v0x55cb5459dab0_0;
    %dup/vec4;
    %pushi/vec4 0, 0, 4;
    %cmp/u;
    %jmp/1 T_8.0, 6;
    %dup/vec4;
    %pushi/vec4 1, 0, 4;
    %cmp/u;
    %jmp/1 T_8.1, 6;
    %dup/vec4;
    %pushi/vec4 4, 0, 4;
    %cmp/u;
    %jmp/1 T_8.2, 6;
    %dup/vec4;
    %pushi/vec4 5, 0, 4;
    %cmp/u;
    %jmp/1 T_8.3, 6;
    %dup/vec4;
    %pushi/vec4 6, 0, 4;
    %cmp/u;
    %jmp/1 T_8.4, 6;
    %dup/vec4;
    %pushi/vec4 7, 0, 4;
    %cmp/u;
    %jmp/1 T_8.5, 6;
    %dup/vec4;
    %pushi/vec4 8, 0, 4;
    %cmp/u;
    %jmp/1 T_8.6, 6;
    %dup/vec4;
    %pushi/vec4 2, 0, 4;
    %cmp/u;
    %jmp/1 T_8.7, 6;
    %dup/vec4;
    %pushi/vec4 3, 0, 4;
    %cmp/u;
    %jmp/1 T_8.8, 6;
    %jmp T_8.9;
T_8.0 ;
    %pushi/vec4 1, 0, 4;
    %assign/vec4 v0x55cb5459dab0_0, 0;
    %jmp T_8.9;
T_8.1 ;
    %load/vec4 v0x55cb5459d190_0;
    %cmpi/e 31, 0, 32;
    %jmp/0xz  T_8.10, 4;
    %pushi/vec4 0, 0, 32;
    %store/vec4 v0x55cb5459d190_0, 0, 32;
    %load/vec4 v0x55cb5459d750_0;
    %cmpi/e 1, 0, 1;
    %jmp/0xz  T_8.12, 4;
    %pushi/vec4 4, 0, 4;
    %assign/vec4 v0x55cb5459dab0_0, 0;
    %jmp T_8.13;
T_8.12 ;
    %pushi/vec4 5, 0, 4;
    %assign/vec4 v0x55cb5459dab0_0, 0;
T_8.13 ;
    %jmp T_8.11;
T_8.10 ;
    %pushi/vec4 1, 0, 4;
    %assign/vec4 v0x55cb5459dab0_0, 0;
    %load/vec4 v0x55cb5459d190_0;
    %addi 1, 0, 32;
    %assign/vec4 v0x55cb5459d190_0, 0;
T_8.11 ;
    %jmp T_8.9;
T_8.2 ;
    %load/vec4 v0x55cb5459d190_0;
    %cmpi/e 3, 0, 32;
    %jmp/0xz  T_8.14, 4;
    %pushi/vec4 6, 0, 4;
    %assign/vec4 v0x55cb5459dab0_0, 0;
    %pushi/vec4 0, 0, 32;
    %assign/vec4 v0x55cb5459d190_0, 0;
    %jmp T_8.15;
T_8.14 ;
    %pushi/vec4 4, 0, 4;
    %assign/vec4 v0x55cb5459dab0_0, 0;
    %load/vec4 v0x55cb5459d190_0;
    %addi 1, 0, 32;
    %assign/vec4 v0x55cb5459d190_0, 0;
T_8.15 ;
    %jmp T_8.9;
T_8.3 ;
    %load/vec4 v0x55cb5459d190_0;
    %cmpi/e 3, 0, 32;
    %jmp/0xz  T_8.16, 4;
    %pushi/vec4 6, 0, 4;
    %assign/vec4 v0x55cb5459dab0_0, 0;
    %pushi/vec4 0, 0, 32;
    %assign/vec4 v0x55cb5459d190_0, 0;
    %jmp T_8.17;
T_8.16 ;
    %pushi/vec4 5, 0, 4;
    %assign/vec4 v0x55cb5459dab0_0, 0;
    %load/vec4 v0x55cb5459d190_0;
    %addi 1, 0, 32;
    %assign/vec4 v0x55cb5459d190_0, 0;
T_8.17 ;
    %jmp T_8.9;
T_8.4 ;
    %load/vec4 v0x55cb5459d190_0;
    %cmpi/e 4, 0, 32;
    %jmp/0xz  T_8.18, 4;
    %pushi/vec4 7, 0, 4;
    %assign/vec4 v0x55cb5459dab0_0, 0;
    %pushi/vec4 0, 0, 32;
    %assign/vec4 v0x55cb5459d190_0, 0;
    %jmp T_8.19;
T_8.18 ;
    %pushi/vec4 6, 0, 4;
    %assign/vec4 v0x55cb5459dab0_0, 0;
    %load/vec4 v0x55cb5459d190_0;
    %addi 1, 0, 32;
    %assign/vec4 v0x55cb5459d190_0, 0;
T_8.19 ;
    %jmp T_8.9;
T_8.5 ;
    %load/vec4 v0x55cb5459d190_0;
    %cmpi/e 4, 0, 32;
    %jmp/0xz  T_8.20, 4;
    %pushi/vec4 8, 0, 4;
    %assign/vec4 v0x55cb5459dab0_0, 0;
    %pushi/vec4 0, 0, 32;
    %assign/vec4 v0x55cb5459d190_0, 0;
    %jmp T_8.21;
T_8.20 ;
    %pushi/vec4 7, 0, 4;
    %assign/vec4 v0x55cb5459dab0_0, 0;
    %load/vec4 v0x55cb5459d190_0;
    %addi 1, 0, 32;
    %assign/vec4 v0x55cb5459d190_0, 0;
T_8.21 ;
    %jmp T_8.9;
T_8.6 ;
    %load/vec4 v0x55cb5459d190_0;
    %cmpi/e 1, 0, 32;
    %jmp/0xz  T_8.22, 4;
    %pushi/vec4 0, 0, 32;
    %assign/vec4 v0x55cb5459d190_0, 0;
    %load/vec4 v0x55cb5459d750_0;
    %pad/u 32;
    %cmpi/e 1, 0, 32;
    %jmp/0xz  T_8.24, 4;
    %pushi/vec4 2, 0, 4;
    %assign/vec4 v0x55cb5459dab0_0, 0;
    %jmp T_8.25;
T_8.24 ;
    %pushi/vec4 3, 0, 4;
    %assign/vec4 v0x55cb5459dab0_0, 0;
T_8.25 ;
    %jmp T_8.23;
T_8.22 ;
    %pushi/vec4 8, 0, 4;
    %assign/vec4 v0x55cb5459dab0_0, 0;
    %load/vec4 v0x55cb5459d190_0;
    %addi 1, 0, 32;
    %assign/vec4 v0x55cb5459d190_0, 0;
T_8.23 ;
    %jmp T_8.9;
T_8.7 ;
    %load/vec4 v0x55cb5459d190_0;
    %cmpi/e 15, 0, 32;
    %jmp/0xz  T_8.26, 4;
    %pushi/vec4 0, 0, 4;
    %assign/vec4 v0x55cb5459dab0_0, 0;
    %pushi/vec4 0, 0, 32;
    %assign/vec4 v0x55cb5459d190_0, 0;
    %jmp T_8.27;
T_8.26 ;
    %pushi/vec4 2, 0, 4;
    %assign/vec4 v0x55cb5459dab0_0, 0;
    %load/vec4 v0x55cb5459d190_0;
    %addi 1, 0, 32;
    %assign/vec4 v0x55cb5459d190_0, 0;
T_8.27 ;
    %jmp T_8.9;
T_8.8 ;
    %load/vec4 v0x55cb5459d190_0;
    %cmpi/e 15, 0, 32;
    %jmp/0xz  T_8.28, 4;
    %pushi/vec4 0, 0, 4;
    %assign/vec4 v0x55cb5459dab0_0, 0;
    %pushi/vec4 0, 0, 32;
    %assign/vec4 v0x55cb5459d190_0, 0;
    %jmp T_8.29;
T_8.28 ;
    %pushi/vec4 3, 0, 4;
    %assign/vec4 v0x55cb5459dab0_0, 0;
    %load/vec4 v0x55cb5459d190_0;
    %addi 1, 0, 32;
    %assign/vec4 v0x55cb5459d190_0, 0;
T_8.29 ;
    %jmp T_8.9;
T_8.9 ;
    %pop/vec4 1;
    %jmp T_8;
    .thread T_8;
    .scope S_0x55cb545518b0;
T_9 ;
    %wait E_0x55cb54564e70;
    %load/vec4 v0x55cb5459dab0_0;
    %dup/vec4;
    %pushi/vec4 0, 0, 4;
    %cmp/u;
    %jmp/1 T_9.0, 6;
    %dup/vec4;
    %pushi/vec4 1, 0, 4;
    %cmp/u;
    %jmp/1 T_9.1, 6;
    %dup/vec4;
    %pushi/vec4 4, 0, 4;
    %cmp/u;
    %jmp/1 T_9.2, 6;
    %dup/vec4;
    %pushi/vec4 5, 0, 4;
    %cmp/u;
    %jmp/1 T_9.3, 6;
    %dup/vec4;
    %pushi/vec4 6, 0, 4;
    %cmp/u;
    %jmp/1 T_9.4, 6;
    %dup/vec4;
    %pushi/vec4 7, 0, 4;
    %cmp/u;
    %jmp/1 T_9.5, 6;
    %dup/vec4;
    %pushi/vec4 8, 0, 4;
    %cmp/u;
    %jmp/1 T_9.6, 6;
    %dup/vec4;
    %pushi/vec4 2, 0, 4;
    %cmp/u;
    %jmp/1 T_9.7, 6;
    %dup/vec4;
    %pushi/vec4 3, 0, 4;
    %cmp/u;
    %jmp/1 T_9.8, 6;
    %jmp T_9.9;
T_9.0 ;
    %pushi/vec4 1, 0, 1;
    %store/vec4 v0x55cb5459d4f0_0, 0, 1;
    %pushi/vec4 0, 0, 1;
    %store/vec4 v0x55cb5459d5b0_0, 0, 1;
    %load/vec4 v0x55cb5459d670_0;
    %assign/vec4 v0x55cb5459d270_0, 0;
    %jmp T_9.9;
T_9.1 ;
    %pushi/vec4 1, 0, 1;
    %store/vec4 v0x55cb5459d4f0_0, 0, 1;
    %pushi/vec4 1, 0, 1;
    %store/vec4 v0x55cb5459d5b0_0, 0, 1;
    %jmp T_9.9;
T_9.2 ;
    %pushi/vec4 1, 0, 1;
    %store/vec4 v0x55cb5459d4f0_0, 0, 1;
    %load/vec4 v0x55cb5459d810_0;
    %load/vec4 v0x55cb5459d190_0;
    %part/u 1;
    %store/vec4 v0x55cb5459d5b0_0, 0, 1;
    %jmp T_9.9;
T_9.3 ;
    %pushi/vec4 1, 0, 1;
    %store/vec4 v0x55cb5459d4f0_0, 0, 1;
    %load/vec4 v0x55cb5459de70_0;
    %load/vec4 v0x55cb5459d190_0;
    %part/u 1;
    %store/vec4 v0x55cb5459d5b0_0, 0, 1;
    %jmp T_9.9;
T_9.4 ;
    %pushi/vec4 1, 0, 1;
    %store/vec4 v0x55cb5459d4f0_0, 0, 1;
    %load/vec4 v0x55cb5459d8f0_0;
    %pushi/vec4 4, 0, 32;
    %load/vec4 v0x55cb5459d190_0;
    %sub;
    %part/u 1;
    %store/vec4 v0x55cb5459d5b0_0, 0, 1;
    %jmp T_9.9;
T_9.5 ;
    %pushi/vec4 1, 0, 1;
    %store/vec4 v0x55cb5459d4f0_0, 0, 1;
    %load/vec4 v0x55cb5459d9d0_0;
    %pushi/vec4 4, 0, 32;
    %load/vec4 v0x55cb5459d190_0;
    %sub;
    %part/u 1;
    %store/vec4 v0x55cb5459d5b0_0, 0, 1;
    %jmp T_9.9;
T_9.6 ;
    %load/vec4 v0x55cb5459d750_0;
    %inv;
    %store/vec4 v0x55cb5459d4f0_0, 0, 1;
    %pushi/vec4 0, 0, 1;
    %store/vec4 v0x55cb5459d5b0_0, 0, 1;
    %jmp T_9.9;
T_9.7 ;
    %pushi/vec4 0, 0, 1;
    %store/vec4 v0x55cb5459d4f0_0, 0, 1;
    %load/vec4 v0x55cb5459cbf0_0;
    %ix/load 5, 0, 0;
    %pushi/vec4 15, 0, 32;
    %load/vec4 v0x55cb5459d190_0;
    %sub;
    %ix/vec4 4;
    %assign/vec4/off/d v0x55cb5459d670_0, 4, 5;
    %jmp T_9.9;
T_9.8 ;
    %pushi/vec4 1, 0, 1;
    %store/vec4 v0x55cb5459d4f0_0, 0, 1;
    %load/vec4 v0x55cb5459ddd0_0;
    %pushi/vec4 15, 0, 32;
    %load/vec4 v0x55cb5459d190_0;
    %sub;
    %part/u 1;
    %assign/vec4 v0x55cb5459d5b0_0, 0;
    %pushi/vec4 1, 0, 1;
    %assign/vec4 v0x55cb5459d750_0, 0;
    %jmp T_9.9;
T_9.9 ;
    %pop/vec4 1;
    %jmp T_9;
    .thread T_9;
    .scope S_0x55cb54551680;
T_10 ;
    %pushi/vec4 0, 0, 1;
    %store/vec4 v0x55cb5459e020_0, 0, 1;
    %end;
    .thread T_10;
    .scope S_0x55cb54551680;
T_11 ;
    %vpi_call 2 6 "$dumpfile", "tb.vcd" {0 0 0};
    %vpi_call 2 7 "$dumpvars", 32'sb00000000000000000000000000000011, S_0x55cb54551680 {0 0 0};
    %delay 270000, 0;
    %vpi_call 2 9 "$finish" {0 0 0};
    %end;
    .thread T_11;
    .scope S_0x55cb54551680;
T_12 ;
    %delay 1, 0;
    %load/vec4 v0x55cb5459e020_0;
    %nor/r;
    %store/vec4 v0x55cb5459e020_0, 0, 1;
    %jmp T_12;
    .thread T_12;
# The file index is used to find the file name in the following table.
:file_names 5;
    "N/A";
    "<interactive>";
    "tb.v";
    "Top.v";
    "uart.v";
