
(process:11056): Gtk-WARNING **: 22:48:31.855: Locale not supported by C library.
	Using the fallback 'C' locale.

GTKWave Analyzer v3.3.115 (w)1999-2023 BSI

[0] start time.
[270000] end time.
WM Destroy

(process:5898): Gtk-WARNING **: 12:05:13.803: Locale not supported by C library.
	Using the fallback 'C' locale.

GTKWave Analyzer v3.3.115 (w)1999-2023 BSI

[0] start time.
[270000] end time.
WM Destroy

(process:6131): Gtk-WARNING **: 12:06:52.470: Locale not supported by C library.
	Using the fallback 'C' locale.

GTKWave Analyzer v3.3.115 (w)1999-2023 BSI

[0] start time.
[270000] end time.
WM Destroy

(process:6375): Gtk-WARNING **: 12:10:49.216: Locale not supported by C library.
	Using the fallback 'C' locale.

GTKWave Analyzer v3.3.115 (w)1999-2023 BSI

[0] start time.
[270000] end time.
WM Destroy

(process:6576): Gtk-WARNING **: 12:11:42.201: Locale not supported by C library.
	Using the fallback 'C' locale.

GTKWave Analyzer v3.3.115 (w)1999-2023 BSI

[0] start time.
[270000] end time.
WM Destroy

(process:6779): Gtk-WARNING **: 12:12:46.998: Locale not supported by C library.
	Using the fallback 'C' locale.

GTKWave Analyzer v3.3.115 (w)1999-2023 BSI

[0] start time.
[270000] end time.
WM Destroy

(process:7037): Gtk-WARNING **: 12:16:17.036: Locale not supported by C library.
	Using the fallback 'C' locale.

GTKWave Analyzer v3.3.115 (w)1999-2023 BSI

[0] start time.
[270000] end time.
WM Destroy

(process:7226): Gtk-WARNING **: 12:18:07.087: Locale not supported by C library.
	Using the fallback 'C' locale.

GTKWave Analyzer v3.3.115 (w)1999-2023 BSI

[0] start time.
[270000] end time.
WM Destroy

(process:7489): Gtk-WARNING **: 12:22:07.139: Locale not supported by C library.
	Using the fallback 'C' locale.

GTKWave Analyzer v3.3.115 (w)1999-2023 BSI

[0] start time.
[270000] end time.
[0] start time.
[270000] end time.
